@!@!@STARTMSG 2262:0 @!@!@
TLC2 Version 2.05 of 23 July 2013
@!@!@ENDMSG 2262 @!@!@
@!@!@STARTMSG 2187:0 @!@!@
Running in Model-Checking mode.
@!@!@ENDMSG 2187 @!@!@
@!@!@STARTMSG 2220:0 @!@!@
Starting SANY...
@!@!@ENDMSG 2220 @!@!@
Parsing file MC.tla
Parsing file opcode.tla
Parsing file /Users/tonyseebregts/Development/tools/tla/toolbox/plugins/org.lamport.tlatools_1.0.0.201403132202/tla2sany/StandardModules/TLC.tla
Parsing file /Users/tonyseebregts/Development/tools/tla/toolbox/plugins/org.lamport.tlatools_1.0.0.201403132202/tla2sany/StandardModules/Integers.tla
Parsing file /Users/tonyseebregts/Development/tools/tla/toolbox/plugins/org.lamport.tlatools_1.0.0.201403132202/tla2sany/StandardModules/Naturals.tla
Parsing file /Users/tonyseebregts/Development/tools/tla/toolbox/plugins/org.lamport.tlatools_1.0.0.201403132202/tla2sany/StandardModules/Sequences.tla
Semantic processing of module Naturals
Semantic processing of module Integers
Semantic processing of module Sequences
Semantic processing of module TLC
Semantic processing of module opcode
Semantic processing of module MC
@!@!@STARTMSG 2219:0 @!@!@
SANY finished.
@!@!@ENDMSG 2219 @!@!@
@!@!@STARTMSG 2185:0 @!@!@
Starting... (2015-02-25 13:49:22)
@!@!@ENDMSG 2185 @!@!@
@!@!@STARTMSG 2189:0 @!@!@
Computing initial states...
@!@!@ENDMSG 2189 @!@!@
@!@!@STARTMSG 2190:0 @!@!@
Finished computing initial states: 24 distinct states generated.
@!@!@ENDMSG 2190 @!@!@
@!@!@STARTMSG 2193:0 @!@!@
Model checking completed. No error has been found.
  Estimates of the probability that TLC did not check all reachable states
  because two distinct states had the same fingerprint:
  calculated (optimistic):  val = 4.7E-17
  based on the actual fingerprints:  val = 8.4E-17
@!@!@ENDMSG 2193 @!@!@
@!@!@STARTMSG 2201:0 @!@!@
The coverage statistics at 2015-02-25 13:49:23
@!@!@ENDMSG 2201 @!@!@
@!@!@STARTMSG 2221:0 @!@!@
  line 29, col 11 to line 29, col 27 of module opcode: 6
@!@!@ENDMSG 2221 @!@!@
@!@!@STARTMSG 2221:0 @!@!@
  line 30, col 11 to line 30, col 31 of module opcode: 6
@!@!@ENDMSG 2221 @!@!@
@!@!@STARTMSG 2221:0 @!@!@
  line 32, col 11 to line 32, col 27 of module opcode: 6
@!@!@ENDMSG 2221 @!@!@
@!@!@STARTMSG 2221:0 @!@!@
  line 33, col 11 to line 33, col 28 of module opcode: 6
@!@!@ENDMSG 2221 @!@!@
@!@!@STARTMSG 2221:0 @!@!@
  line 35, col 11 to line 35, col 27 of module opcode: 6
@!@!@ENDMSG 2221 @!@!@
@!@!@STARTMSG 2221:0 @!@!@
  line 36, col 11 to line 36, col 20 of module opcode: 6
@!@!@ENDMSG 2221 @!@!@
@!@!@STARTMSG 2221:0 @!@!@
  line 38, col 11 to line 38, col 27 of module opcode: 6
@!@!@ENDMSG 2221 @!@!@
@!@!@STARTMSG 2221:0 @!@!@
  line 39, col 24 to line 39, col 24 of module opcode: 6
@!@!@ENDMSG 2221 @!@!@
@!@!@STARTMSG 2221:0 @!@!@
  line 56, col 28 to line 56, col 33 of module opcode: 12
@!@!@ENDMSG 2221 @!@!@
@!@!@STARTMSG 2221:0 @!@!@
  line 8, col 18 to line 8, col 18 of module opcode: 12
@!@!@ENDMSG 2221 @!@!@
@!@!@STARTMSG 2202:0 @!@!@
End of statistics.
@!@!@ENDMSG 2202 @!@!@
@!@!@STARTMSG 2200:0 @!@!@
Progress(2) at 2015-02-25 13:49:23: 60 states generated (100,000 s/min), 36 distinct states found (60,000 ds/min), 0 states left on queue.
@!@!@ENDMSG 2200 @!@!@
@!@!@STARTMSG 2199:0 @!@!@
60 states generated, 36 distinct states found, 0 states left on queue.
@!@!@ENDMSG 2199 @!@!@
@!@!@STARTMSG 2194:0 @!@!@
The depth of the complete state graph search is 2.
@!@!@ENDMSG 2194 @!@!@
@!@!@STARTMSG 2186:0 @!@!@
Finished. (2015-02-25 13:49:23)
@!@!@ENDMSG 2186 @!@!@
